<?xml version="1.0" encoding="UTF-8"?>
<!-- Generated by org.testng.reporters.JUnitReportReporter -->
<testsuite hostname="BHUKRK527101L" failures="0" tests="1" name="register.TC_RF_Register_001" time="14.067" errors="0" timestamp="2024-12-14T11:01:13 IST" skipped="0">
  <testcase classname="register.TC_RF_Register_001" name="VerifyRegisteringAccountUsingMandatoryFields" time="14.067"/>
</testsuite> <!-- register.TC_RF_Register_001 -->
