<?xml version="1.0" encoding="UTF-8"?>
<!-- Generated by org.testng.reporters.JUnitReportReporter -->
<testsuite hostname="BHUKRK527101L" failures="0" tests="1" name="register.Register" time="31.484" errors="0" timestamp="2025-03-27T16:26:02 IST" skipped="0">
  <testcase classname="register.Register" name="VerifyRegisteringAccountUsingMandatoryFields" time="31.484"/>
</testsuite> <!-- register.Register -->
