<?xml version="1.0" encoding="UTF-8"?>
<!-- Generated by org.testng.reporters.JUnitReportReporter -->
<testsuite hostname="BHUKRK527101L" failures="0" tests="1" name="register.Register" time="10.957" errors="0" timestamp="2025-01-10T17:55:07 IST" skipped="0">
  <testcase classname="register.Register" name="VerifyRegisteringAccountUsingMandatoryFields" time="10.957"/>
</testsuite> <!-- register.Register -->
