<?xml version="1.0" encoding="UTF-8"?>
<!-- Generated by org.testng.reporters.JUnitReportReporter -->
<testsuite hostname="BHUKRK527101L" failures="0" tests="1" name="register.TC_RF_024" time="8.820" errors="0" timestamp="2024-12-31T14:01:53 IST" skipped="0">
  <testcase classname="register.TC_RF_024" name="verifyRegisteringAccountWithoutEnteringConfirmPassword" time="8.820"/>
</testsuite> <!-- register.TC_RF_024 -->
