<?xml version="1.0" encoding="UTF-8"?>
<!-- Generated by org.testng.reporters.JUnitReportReporter -->
<testsuite hostname="BHUKRK527101L" failures="0" tests="1" name="register.TC_RF_009" time="14.482" errors="0" timestamp="2024-12-16T20:43:04 IST" skipped="0">
  <testcase classname="register.TC_RF_009" name="VerifyRegisterAccountProvidingExistingMailAddress" time="14.482"/>
</testsuite> <!-- register.TC_RF_009 -->
