<?xml version="1.0" encoding="UTF-8"?>
<!-- Generated by org.testng.reporters.JUnitReportReporter -->
<testsuite hostname="BHUKRK527101L" failures="0" tests="1" name="register.TC_RF_012" time="14.420" errors="0" timestamp="2024-12-18T21:27:04 IST" skipped="0">
  <testcase classname="register.TC_RF_012" name="verifyRegisteringAccountUsingKeyboardKeys" time="14.420"/>
</testsuite> <!-- register.TC_RF_012 -->
