<?xml version="1.0" encoding="UTF-8"?>
<!-- Generated by org.testng.reporters.JUnitReportReporter -->
<testsuite hostname="DESKTOP-S2B6TTE" failures="0" tests="1" name="register.TC_RF_001" time="8.072" errors="0" timestamp="2025-04-04T14:21:46 PDT" skipped="0">
  <testcase classname="register.TC_RF_001" name="VerifyRegisteringAccountUsingMandatoryFields" time="8.072"/>
</testsuite> <!-- register.TC_RF_001 -->
