<?xml version="1.0" encoding="UTF-8"?>
<!-- Generated by org.testng.reporters.JUnitReportReporter -->
<testsuite hostname="BHUKRK527101L" failures="0" tests="1" name="register.TC_RF_005" time="8.552" errors="0" timestamp="2024-12-16T15:07:49 IST" skipped="0">
  <testcase classname="register.TC_RF_005" name="VerifyRegisteringAccountBySubscribingTheNewsletter" time="8.552"/>
</testsuite> <!-- register.TC_RF_005 -->
