<?xml version="1.0" encoding="UTF-8"?>
<!-- Generated by org.testng.reporters.JUnitReportReporter -->
<testsuite hostname="BHUKRK527101L" failures="0" tests="1" name="register.TC_RF_010" time="9.471" errors="0" timestamp="2024-12-17T00:26:28 IST" skipped="0">
  <testcase classname="register.TC_RF_010" name="VerifyRegisteringAccountProvideinvalidEmail" time="9.471"/>
</testsuite> <!-- register.TC_RF_010 -->
