<?xml version="1.0" encoding="UTF-8"?>
<!-- Generated by org.testng.reporters.JUnitReportReporter -->
<testsuite hostname="BHUKRK527101L" failures="0" tests="1" name="register.TC_RF_023" time="21.983" errors="0" timestamp="2024-12-31T13:53:42 IST" skipped="0">
  <testcase classname="register.TC_RF_023" name="verifyRegisterAccountPageNavigation" time="21.983"/>
</testsuite> <!-- register.TC_RF_023 -->
