<?xml version="1.0" encoding="UTF-8"?>
<!-- Generated by org.testng.reporters.JUnitReportReporter -->
<testsuite hostname="BHUKRK527101L" failures="0" tests="1" name="register.TC_RF_004" time="11.730" errors="0" timestamp="2024-12-16T14:31:31 IST" skipped="0">
  <testcase classname="register.TC_RF_004" name="VerifyWarningMessageOfMandatoryFieldsInRegisterAccountPage" time="11.730"/>
</testsuite> <!-- register.TC_RF_004 -->
