<?xml version="1.0" encoding="UTF-8"?>
<!-- Generated by org.testng.reporters.JUnitReportReporter -->
<testsuite hostname="BHUKRK527101L" failures="0" tests="1" name="register.TC_RF_008" time="28.141" errors="0" timestamp="2024-12-16T18:04:33 IST" skipped="0">
  <testcase classname="register.TC_RF_008" name="VerifyRegisteringAccountProvidingMismatchPassword" time="28.141"/>
</testsuite> <!-- register.TC_RF_008 -->
