<?xml version="1.0" encoding="UTF-8"?>
<!-- Generated by org.testng.reporters.JUnitReportReporter -->
<testsuite hostname="BHUKRK527101L" failures="0" tests="1" name="register.TC_RF_007" time="8.033" errors="0" timestamp="2024-12-16T17:18:11 IST" skipped="0">
  <testcase classname="register.TC_RF_007" name="VerifyDifferentWayOfNavigatingRegisterAccountPage" time="8.033"/>
</testsuite> <!-- register.TC_RF_007 -->
