<?xml version="1.0" encoding="UTF-8"?>
<!-- Generated by org.testng.reporters.JUnitReportReporter -->
<testsuite hostname="DESKTOP-S2B6TTE" failures="0" tests="1" name="register.Register" time="9.129" errors="0" timestamp="2025-04-04T14:30:39 PDT" skipped="0">
  <testcase classname="register.Register" name="VerifyRegisteringAccountUsingMandatoryFields" time="9.129"/>
</testsuite> <!-- register.Register -->
