<?xml version="1.0" encoding="UTF-8"?>
<!-- Generated by org.testng.reporters.JUnitReportReporter -->
<testsuite hostname="BHUKRK527101L" failures="0" tests="1" name="register.TC_RF_013" time="8.923" errors="0" timestamp="2024-12-19T00:13:59 IST" skipped="0">
  <testcase classname="register.TC_RF_013" name="verifyRegisterAccountPagePlaceHolder" time="8.923"/>
</testsuite> <!-- register.TC_RF_013 -->
