<?xml version="1.0" encoding="UTF-8"?>
<!-- Generated by org.testng.reporters.JUnitReportReporter -->
<testsuite hostname="BHUKRK527101L" failures="0" tests="1" name="register.TC_RF_020" time="7.023" errors="0" timestamp="2024-12-30T17:58:21 IST" skipped="0">
  <testcase classname="register.TC_RF_020" name="verifyRegisterAccountPrivacyPolicyField" time="7.023"/>
</testsuite> <!-- register.TC_RF_020 -->
