<?xml version="1.0" encoding="UTF-8"?>
<!-- Generated by org.testng.reporters.JUnitReportReporter -->
<testsuite hostname="DESKTOP-S2B6TTE" failures="0" tests="1" name="register.TC_RF_003" time="8.031" errors="0" timestamp="2025-04-02T12:55:20 PDT" skipped="0">
  <testcase classname="register.TC_RF_003" name="VerifyRegisteringAccountWithAllFields" time="8.031"/>
</testsuite> <!-- register.TC_RF_003 -->
