<?xml version="1.0" encoding="UTF-8"?>
<!-- Generated by org.testng.reporters.JUnitReportReporter -->
<testsuite hostname="BHUKRK527101L" failures="0" tests="1" name="register.TC_RF_022" time="7.237" errors="0" timestamp="2024-12-31T12:41:00 IST" skipped="0">
  <testcase classname="register.TC_RF_022" name="verifyRegisteringAccountPasswordFieldsForSecurity" time="7.237"/>
</testsuite> <!-- register.TC_RF_022 -->
