<?xml version="1.0" encoding="UTF-8"?>
<!-- Generated by org.testng.reporters.JUnitReportReporter -->
<testsuite hostname="BHUKRK527101L" failures="0" tests="1" name="register.TC_RF_025" time="6.825" errors="0" timestamp="2024-12-31T14:52:28 IST" skipped="0">
  <testcase classname="register.TC_RF_025" name="verifyRegisterAccountPageBreadCrumbURLTitleHeading" time="6.825"/>
</testsuite> <!-- register.TC_RF_025 -->
