<?xml version="1.0" encoding="UTF-8"?>
<!-- Generated by org.testng.reporters.JUnitReportReporter -->
<testsuite hostname="BHUKRK527101L" failures="0" tests="1" name="register.TC_RF_026" time="9.079" errors="0" timestamp="2024-12-31T17:55:59 IST" skipped="0">
  <testcase classname="register.TC_RF_026" name="verifyRegisterAccountUI" time="9.079"/>
</testsuite> <!-- register.TC_RF_026 -->
