<?xml version="1.0" encoding="UTF-8"?>
<!-- Generated by org.testng.reporters.JUnitReportReporter -->
<testsuite hostname="BHUKRK527101L" failures="0" tests="1" name="register.TC_RF_021" time="8.313" errors="0" timestamp="2024-12-31T12:34:21 IST" skipped="0">
  <testcase classname="register.TC_RF_021" name="verifyRegisteringAccountWithoutSelectingPrivacyPolicyChcekboxField" time="8.313"/>
</testsuite> <!-- register.TC_RF_021 -->
